Using pre-set license
Built from '2022.3/staging' branch; Version is '2022.3.3f1 (7cdc2969a641) revision 8182825'; Using compiler version '192829333'; Build Type 'Release'
OS: 'Windows 10  (10.0.19045) 64bit Core' Language: 'en' Physical Memory: 32686 MB
BatchMode: 1, IsHumanControllingUs: 0, StartBugReporterOnCrash: 0, Is64bit: 1, IsPro: 1

COMMAND LINE ARGUMENTS:
C:\Program Files\Unity\Hub\Editor\2022.3.3f1\Editor\Unity.exe
-adb2
-batchMode
-noUpm
-name
AssetImportWorker0
-projectPath
C:/Users/Mads/Desktop/CPH Business/Ufo/UFO-Exam/UnityProjectForGeneration/JsonGenerator
-logFile
Logs/AssetImportWorker0.log
-srvPort
56017
Successfully changed project path to: C:/Users/Mads/Desktop/CPH Business/Ufo/UFO-Exam/UnityProjectForGeneration/JsonGenerator
C:/Users/Mads/Desktop/CPH Business/Ufo/UFO-Exam/UnityProjectForGeneration/JsonGenerator
[UnityMemory] Configuration Parameters - Can be set up in boot.config
    "memorysetup-bucket-allocator-granularity=16"
    "memorysetup-bucket-allocator-bucket-count=8"
    "memorysetup-bucket-allocator-block-size=33554432"
    "memorysetup-bucket-allocator-block-count=8"
    "memorysetup-main-allocator-block-size=16777216"
    "memorysetup-thread-allocator-block-size=16777216"
    "memorysetup-gfx-main-allocator-block-size=16777216"
    "memorysetup-gfx-thread-allocator-block-size=16777216"
    "memorysetup-cache-allocator-block-size=4194304"
    "memorysetup-typetree-allocator-block-size=2097152"
    "memorysetup-profiler-bucket-allocator-granularity=16"
    "memorysetup-profiler-bucket-allocator-bucket-count=8"
    "memorysetup-profiler-bucket-allocator-block-size=33554432"
    "memorysetup-profiler-bucket-allocator-block-count=8"
    "memorysetup-profiler-allocator-block-size=16777216"
    "memorysetup-profiler-editor-allocator-block-size=1048576"
    "memorysetup-temp-allocator-size-main=16777216"
    "memorysetup-job-temp-allocator-block-size=2097152"
    "memorysetup-job-temp-allocator-block-size-background=1048576"
    "memorysetup-job-temp-allocator-reduction-small-platforms=262144"
    "memorysetup-allocator-temp-initial-block-size-main=262144"
    "memorysetup-allocator-temp-initial-block-size-worker=262144"
    "memorysetup-temp-allocator-size-background-worker=32768"
    "memorysetup-temp-allocator-size-job-worker=262144"
    "memorysetup-temp-allocator-size-preload-manager=33554432"
    "memorysetup-temp-allocator-size-nav-mesh-worker=65536"
    "memorysetup-temp-allocator-size-audio-worker=65536"
    "memorysetup-temp-allocator-size-cloud-worker=32768"
    "memorysetup-temp-allocator-size-gi-baking-worker=262144"
    "memorysetup-temp-allocator-size-gfx=262144"
Player connection [25452] Host "[IP] 192.168.50.86 [Port] 0 [Flags] 2 [Guid] 259818100 [EditorId] 259818100 [Version] 1048832 [Id] WindowsEditor(7,DESKTOP-4LUEFS4) [Debug] 1 [PackageName] WindowsEditor [ProjectName] Editor" joined multi-casting on [225.0.0.222:54997]...

Player connection [25452] Host "[IP] 192.168.50.86 [Port] 0 [Flags] 2 [Guid] 259818100 [EditorId] 259818100 [Version] 1048832 [Id] WindowsEditor(7,DESKTOP-4LUEFS4) [Debug] 1 [PackageName] WindowsEditor [ProjectName] Editor" joined alternative multi-casting on [225.0.0.222:34997]...

Refreshing native plugins compatible for Editor in 12.01 ms, found 3 plugins.
Preloading 0 native plugins for Editor in 0.00 ms.
Initialize engine version: 2022.3.3f1 (7cdc2969a641)
[Subsystems] Discovering subsystems at path C:/Program Files/Unity/Hub/Editor/2022.3.3f1/Editor/Data/Resources/UnitySubsystems
[Subsystems] Discovering subsystems at path C:/Users/Mads/Desktop/CPH Business/Ufo/UFO-Exam/UnityProjectForGeneration/JsonGenerator/Assets
GfxDevice: creating device client; threaded=0; jobified=0
Direct3D:
    Version:  Direct3D 11.0 [level 11.1]
    Renderer: NVIDIA GeForce RTX 2080 SUPER (ID=0x1e81)
    Vendor:   NVIDIA
    VRAM:     8001 MB
    Driver:   31.0.15.3699
Initialize mono
Mono path[0] = 'C:/Program Files/Unity/Hub/Editor/2022.3.3f1/Editor/Data/Managed'
Mono path[1] = 'C:/Program Files/Unity/Hub/Editor/2022.3.3f1/Editor/Data/MonoBleedingEdge/lib/mono/unityjit-win32'
Mono config path = 'C:/Program Files/Unity/Hub/Editor/2022.3.3f1/Editor/Data/MonoBleedingEdge/etc'
Using monoOptions --debugger-agent=transport=dt_socket,embedding=1,server=y,suspend=n,address=127.0.0.1:56624
Begin MonoManager ReloadAssembly
Registering precompiled unity dll's ...
Register platform support module: C:/Program Files/Unity/Hub/Editor/2022.3.3f1/Editor/Data/PlaybackEngines/AndroidPlayer/UnityEditor.Android.Extensions.dll
Register platform support module: C:/Program Files/Unity/Hub/Editor/2022.3.3f1/Editor/Data/PlaybackEngines/iOSSupport/UnityEditor.iOS.Extensions.dll
Register platform support module: C:/Program Files/Unity/Hub/Editor/2022.3.3f1/Editor/Data/PlaybackEngines/WindowsStandaloneSupport/UnityEditor.WindowsStandalone.Extensions.dll
Register platform support module: C:/Program Files/Unity/Hub/Editor/2022.3.3f1/Editor/Data/PlaybackEngines/LinuxStandaloneSupport/UnityEditor.LinuxStandalone.Extensions.dll
Registered in 0.010844 seconds.
- Loaded All Assemblies, in  0.304 seconds
Native extension for LinuxStandalone target not found
Native extension for WindowsStandalone target not found
[usbmuxd] Start listen thread
[usbmuxd] Listen thread started
Native extension for iOS target not found
Native extension for Android target not found
Android Extension - Scanning For ADB Devices 187 ms
Mono: successfully reloaded assembly
- Finished resetting the current domain, in  0.507 seconds
Domain Reload Profiling: 810ms
	BeginReloadAssembly (74ms)
		ExecutionOrderSort (0ms)
		DisableScriptedObjects (0ms)
		BackupInstance (0ms)
		ReleaseScriptingObjects (0ms)
		CreateAndSetChildDomain (1ms)
	RebuildCommonClasses (29ms)
	RebuildNativeTypeToScriptingClass (11ms)
	initialDomainReloadingComplete (60ms)
	LoadAllAssembliesAndSetupDomain (129ms)
		LoadAssemblies (73ms)
		RebuildTransferFunctionScriptingTraits (0ms)
		AnalyzeDomain (123ms)
			TypeCache.Refresh (123ms)
				TypeCache.ScanAssembly (113ms)
			ScanForSourceGeneratedMonoScriptInfo (0ms)
			ResolveRequiredComponents (0ms)
	FinalizeReload (507ms)
		ReleaseScriptCaches (0ms)
		RebuildScriptCaches (0ms)
		SetupLoadedEditorAssemblies (456ms)
			LogAssemblyErrors (0ms)
			InitializePlatformSupportModulesInManaged (315ms)
			SetLoadedEditorAssemblies (3ms)
			RefreshPlugins (0ms)
			BeforeProcessingInitializeOnLoad (2ms)
			ProcessInitializeOnLoadAttributes (98ms)
			ProcessInitializeOnLoadMethodAttributes (38ms)
			AfterProcessingInitializeOnLoad (0ms)
			EditorAssembliesLoaded (0ms)
		ExecutionOrderSort2 (0ms)
		AwakeInstancesAfterBackupRestoration (0ms)
========================================================================
Worker process is ready to serve import requests
Begin MonoManager ReloadAssembly
Symbol file LoadedFromMemory doesn't match image C:\Users\Mads\Desktop\CPH Business\Ufo\UFO-Exam\UnityProjectForGeneration\JsonGenerator\Library\PackageCache\com.unity.visualscripting@1.8.0\Editor\VisualScripting.Core\Dependencies\YamlDotNet\Unity.VisualScripting.YamlDotNet.dll
Symbol file LoadedFromMemory doesn't match image C:\Users\Mads\Desktop\CPH Business\Ufo\UFO-Exam\UnityProjectForGeneration\JsonGenerator\Library\PackageCache\com.unity.visualscripting@1.8.0\Editor\VisualScripting.Core\Dependencies\DotNetZip\Unity.VisualScripting.IonicZip.dll
- Loaded All Assemblies, in  0.700 seconds
Refreshing native plugins compatible for Editor in 4.24 ms, found 3 plugins.
Native extension for LinuxStandalone target not found
Native extension for WindowsStandalone target not found
Native extension for iOS target not found
Native extension for Android target not found
Package Manager log level set to [2]
[Package Manager] Server::EnsureServerProcessIsRunning -- launch failed, reason: Unity was launched with the -noUpm command-line argument
[Package Manager] UpmClient::Send -- Unable to send message (not connected to UPM process).
[Package Manager] Cannot connect to Unity Package Manager local server
Launched and connected shader compiler UnityShaderCompiler.exe after 0.03 seconds
Mono: successfully reloaded assembly
- Finished resetting the current domain, in  0.930 seconds
Domain Reload Profiling: 1627ms
	BeginReloadAssembly (118ms)
		ExecutionOrderSort (0ms)
		DisableScriptedObjects (5ms)
		BackupInstance (0ms)
		ReleaseScriptingObjects (0ms)
		CreateAndSetChildDomain (19ms)
	RebuildCommonClasses (29ms)
	RebuildNativeTypeToScriptingClass (10ms)
	initialDomainReloadingComplete (39ms)
	LoadAllAssembliesAndSetupDomain (501ms)
		LoadAssemblies (263ms)
		RebuildTransferFunctionScriptingTraits (0ms)
		AnalyzeDomain (297ms)
			TypeCache.Refresh (281ms)
				TypeCache.ScanAssembly (268ms)
			ScanForSourceGeneratedMonoScriptInfo (13ms)
			ResolveRequiredComponents (3ms)
	FinalizeReload (930ms)
		ReleaseScriptCaches (0ms)
		RebuildScriptCaches (0ms)
		SetupLoadedEditorAssemblies (795ms)
			LogAssemblyErrors (0ms)
			InitializePlatformSupportModulesInManaged (32ms)
			SetLoadedEditorAssemblies (3ms)
			RefreshPlugins (0ms)
			BeforeProcessingInitializeOnLoad (51ms)
			ProcessInitializeOnLoadAttributes (423ms)
			ProcessInitializeOnLoadMethodAttributes (279ms)
			AfterProcessingInitializeOnLoad (6ms)
			EditorAssembliesLoaded (0ms)
		ExecutionOrderSort2 (0ms)
		AwakeInstancesAfterBackupRestoration (4ms)
Refreshing native plugins compatible for Editor in 5.49 ms, found 3 plugins.
Preloading 0 native plugins for Editor in 0.00 ms.
Unloading 3145 Unused Serialized files (Serialized files now loaded: 0)
Unloading 42 unused Assets / (57.3 KB). Loaded Objects now: 3665.
Memory consumption went from 145.0 MB to 144.9 MB.
Total: 10.720900 ms (FindLiveObjects: 0.203000 ms CreateObjectMapping: 0.175800 ms MarkObjects: 10.255600 ms  DeleteObjects: 0.085700 ms)

AssetImportParameters requested are different than current active one (requested -> active):
  custom:container-demuxer-ogg: 62fdf1f143b41e24485cea50d1cbac27 -> 
  custom:video-decoder-ogg-theora: a1e56fd34408186e4bbccfd4996cb3dc -> 
  custom:framework-win-MediaFoundation: 216162199b28c13a410421893ffa2e32 -> 
  custom:container-demuxer-webm: 4f35f7cbe854078d1ac9338744f61a02 -> 
  custom:container-muxer-webm: aa71ff27fc2769a1b78a27578f13a17b -> 
  custom:video-decoder-webm-vp8: 9c59270c3fd7afecdb556c50c9e8de78 -> 
  custom:AudioImporter_EditorPlatform: d09bf68614088b80899f8185d706f6e7 -> 
  custom:video-encoder-webm-vp8: eb34c28f22e8b96e1ab97ce403110664 -> 
  custom:audio-decoder-ogg-vorbis: bf7c407c2cedff20999df2af8eb42d56 -> 
  custom:audio-encoder-webm-vorbis: bf7c407c2cedff20999df2af8eb42d56 -> 
========================================================================
Received Import Request.
  Time since last request: 321323.175934 seconds.
  path: Assets/Scenes/Large/L 1.unity
  artifactKey: Guid(ab6e2817206278d4b9994eb30607927e) Importer(815301076,1909f56bfc062723c751e8b465ee728b)
Start importing Assets/Scenes/Large/L 1.unity using Guid(ab6e2817206278d4b9994eb30607927e) Importer(815301076,1909f56bfc062723c751e8b465ee728b)  -> (artifact id: '7f7520e94a67ee917c5b635b69e3f35c') in 0.001828 seconds
Number of updated asset objects reloaded before import = 0
Number of asset objects unloaded after import = 0
========================================================================
Received Import Request.
  Time since last request: 5.044758 seconds.
  path: Assets/Scenes/Medium/M 5
  artifactKey: Guid(133b383944044e84cab2ae65e9c7a1f9) Importer(815301076,1909f56bfc062723c751e8b465ee728b)
Start importing Assets/Scenes/Medium/M 5 using Guid(133b383944044e84cab2ae65e9c7a1f9) Importer(815301076,1909f56bfc062723c751e8b465ee728b)  -> (artifact id: '18b526a7cb28ae95491a2c9e586f1bf7') in 0.000323 seconds
Number of updated asset objects reloaded before import = 0
Number of asset objects unloaded after import = 0
========================================================================
Received Import Request.
  Time since last request: 0.058785 seconds.
  path: Assets/Scenes/Medium/M 5/NavMesh-Navigation Area.asset
  artifactKey: Guid(ad1ca523c5818ac48bce4cdef6a2e986) Importer(815301076,1909f56bfc062723c751e8b465ee728b)
Start importing Assets/Scenes/Medium/M 5/NavMesh-Navigation Area.asset using Guid(ad1ca523c5818ac48bce4cdef6a2e986) Importer(815301076,1909f56bfc062723c751e8b465ee728b)  -> (artifact id: 'ed43ecdaf2c982a9ded2c8d5222ce7d7') in 0.008229 seconds
Number of updated asset objects reloaded before import = 0
Number of asset objects unloaded after import = 1
========================================================================
Received Import Request.
  Time since last request: 2.734673 seconds.
  path: Assets/Scenes/Medium/M 5.unity
  artifactKey: Guid(0b5b2acfb57dc834ca6e9981e7ee005d) Importer(815301076,1909f56bfc062723c751e8b465ee728b)
Start importing Assets/Scenes/Medium/M 5.unity using Guid(0b5b2acfb57dc834ca6e9981e7ee005d) Importer(815301076,1909f56bfc062723c751e8b465ee728b)  -> (artifact id: 'fc23596316a6049635dfd692258a7d44') in 0.000362 seconds
Number of updated asset objects reloaded before import = 0
Number of asset objects unloaded after import = 0
========================================================================
Received Import Request.
  Time since last request: 74.335081 seconds.
  path: Assets/Scenes/Large/L 2.unity
  artifactKey: Guid(5816d2970bf1c5645aa5daedae73a0ff) Importer(815301076,1909f56bfc062723c751e8b465ee728b)
Start importing Assets/Scenes/Large/L 2.unity using Guid(5816d2970bf1c5645aa5daedae73a0ff) Importer(815301076,1909f56bfc062723c751e8b465ee728b)  -> (artifact id: '16ceb430adf03ceaa4054e79698c3c92') in 0.000379 seconds
Number of updated asset objects reloaded before import = 0
Number of asset objects unloaded after import = 0
========================================================================
Received Import Request.
  Time since last request: 23.085014 seconds.
  path: Assets/Scenes/Large/L 3.unity
  artifactKey: Guid(5056ed5301ecdad4188c449ad421f743) Importer(815301076,1909f56bfc062723c751e8b465ee728b)
Start importing Assets/Scenes/Large/L 3.unity using Guid(5056ed5301ecdad4188c449ad421f743) Importer(815301076,1909f56bfc062723c751e8b465ee728b)  -> (artifact id: '4bd0d9bbb55730b8aa7fd40035ba4fc5') in 0.000407 seconds
Number of updated asset objects reloaded before import = 0
Number of asset objects unloaded after import = 0
========================================================================
Received Import Request.
  Time since last request: 133.609335 seconds.
  path: Assets/Scenes/Large/L 4.unity
  artifactKey: Guid(f049cd2a613281b4e8cb2e8b9b7ad64d) Importer(815301076,1909f56bfc062723c751e8b465ee728b)
Start importing Assets/Scenes/Large/L 4.unity using Guid(f049cd2a613281b4e8cb2e8b9b7ad64d) Importer(815301076,1909f56bfc062723c751e8b465ee728b)  -> (artifact id: '76dc0a726e9ffa06af84b8c1cb05d8f2') in 0.000405 seconds
Number of updated asset objects reloaded before import = 0
Number of asset objects unloaded after import = 0
========================================================================
Received Import Request.
  Time since last request: 271.991660 seconds.
  path: Assets/Scenes/Large/L 5.unity
  artifactKey: Guid(565932b8d2fd08b4f8a5edb3177cbb21) Importer(815301076,1909f56bfc062723c751e8b465ee728b)
Start importing Assets/Scenes/Large/L 5.unity using Guid(565932b8d2fd08b4f8a5edb3177cbb21) Importer(815301076,1909f56bfc062723c751e8b465ee728b)  -> (artifact id: '25bf876a497bfb0803b19232302ed3f7') in 0.000530 seconds
Number of updated asset objects reloaded before import = 0
Number of asset objects unloaded after import = 0
========================================================================
Received Import Request.
  Time since last request: 86.609675 seconds.
  path: Assets/Scenes/Large/L 4.unity
  artifactKey: Guid(f049cd2a613281b4e8cb2e8b9b7ad64d) Importer(815301076,1909f56bfc062723c751e8b465ee728b)
Start importing Assets/Scenes/Large/L 4.unity using Guid(f049cd2a613281b4e8cb2e8b9b7ad64d) Importer(815301076,1909f56bfc062723c751e8b465ee728b)  -> (artifact id: '381710b028b330f0e0ba21996645d0b5') in 0.000374 seconds
Number of updated asset objects reloaded before import = 0
Number of asset objects unloaded after import = 0
========================================================================
Received Import Request.
  Time since last request: 4.696454 seconds.
  path: Assets/Scenes/Large/L 3.unity
  artifactKey: Guid(5056ed5301ecdad4188c449ad421f743) Importer(815301076,1909f56bfc062723c751e8b465ee728b)
Start importing Assets/Scenes/Large/L 3.unity using Guid(5056ed5301ecdad4188c449ad421f743) Importer(815301076,1909f56bfc062723c751e8b465ee728b)  -> (artifact id: '388512530d4c6849e2e6843c4d0b35f7') in 0.000348 seconds
Number of updated asset objects reloaded before import = 0
Number of asset objects unloaded after import = 0
========================================================================
Received Import Request.
  Time since last request: 7.359886 seconds.
  path: Assets/Scenes/Large/L 2.unity
  artifactKey: Guid(5816d2970bf1c5645aa5daedae73a0ff) Importer(815301076,1909f56bfc062723c751e8b465ee728b)
Start importing Assets/Scenes/Large/L 2.unity using Guid(5816d2970bf1c5645aa5daedae73a0ff) Importer(815301076,1909f56bfc062723c751e8b465ee728b)  -> (artifact id: '14291ac4ba7052b9a4bf86509cf6aaee') in 0.000358 seconds
Number of updated asset objects reloaded before import = 0
Number of asset objects unloaded after import = 0
========================================================================
Received Import Request.
  Time since last request: 5.000474 seconds.
  path: Assets/Scenes/Large/L 1.unity
  artifactKey: Guid(ab6e2817206278d4b9994eb30607927e) Importer(815301076,1909f56bfc062723c751e8b465ee728b)
Start importing Assets/Scenes/Large/L 1.unity using Guid(ab6e2817206278d4b9994eb30607927e) Importer(815301076,1909f56bfc062723c751e8b465ee728b)  -> (artifact id: '627a71a195032e952469e913c11b8c8f') in 0.000398 seconds
Number of updated asset objects reloaded before import = 0
Number of asset objects unloaded after import = 0
